<?xml version='1.0' encoding='UTF-8'?>
<testsuite hostname="faris-WRTB-WXX9" name="FunctionalSpec" tests="4" errors="0" failures="0" skipped="0" time="0.066" timestamp="2020-11-03T21:13:22">
                     <properties>
[...]
</properties>
                     <testcase classname="FunctionalSpec" name="Routes should send 404 on a bad request" time="0.039">
                                                 
                                               </testcase><testcase classname="FunctionalSpec" name="Routes should send 200 on a good request" time="0.01">
                                                 
                                               </testcase><testcase classname="FunctionalSpec" name="HomeController should render the index page" time="0.007">
                                                 
                                               </testcase><testcase classname="FunctionalSpec" name="CountController should return an increasing count" time="0.01">
                                                 
                                               </testcase>
                     <system-out><![CDATA[]]></system-out>
                     <system-err><![CDATA[]]></system-err>
                   </testsuite>